#
# There is insufficient memory for the Java Runtime Environment to continue.
# Native memory allocation (mmap) failed to map 65536 bytes for committing reserved memory.
# Possible reasons:
#   The system is out of physical RAM or swap space
#   In 32 bit mode, the process size limit was hit
# Possible solutions:
#   Reduce memory load on the system
#   Increase physical memory or swap space
#   Check if swap backing store is full
#   Use 64 bit Java on a 64 bit OS
#   Decrease Java heap size (-Xmx/-Xms)
#   Decrease number of Java threads
#   Decrease Java thread stack sizes (-Xss)
#   Set larger code cache with -XX:ReservedCodeCacheSize=
# This output file may be truncated or incomplete.
#
#  Out of Memory Error (os_linux.cpp:2630), pid=4890, tid=0x00007f02f7b22700
#
# JRE version: OpenJDK Runtime Environment (8.0_121-b13) (build 1.8.0_121-8u121-b13-4-b13)
# Java VM: OpenJDK 64-Bit Server VM (25.121-b13 mixed mode linux-amd64 compressed oops)
# Failed to write core dump. Core dumps have been disabled. To enable core dumping, try "ulimit -c unlimited" before starting Java again
#

---------------  T H R E A D  ---------------

Current thread (0x00007f030c0a7800):  JavaThread "C2 CompilerThread0" daemon [_thread_in_vm, id=4901, stack(0x00007f02f7a22000,0x00007f02f7b23000)]

Stack: [0x00007f02f7a22000,0x00007f02f7b23000],  sp=0x00007f02f7b1e620,  free space=1009k
Native frames: (J=compiled Java code, j=interpreted, Vv=VM code, C=native code)
V  [libjvm.so+0xa6bd50]  VMError::report_and_die()+0x160
V  [libjvm.so+0x4c530c]  report_vm_out_of_memory(char const*, int, unsigned long, VMErrorType, char const*)+0xac
V  [libjvm.so+0x8bac80]  os::pd_commit_memory(char*, unsigned long, unsigned long, bool)+0xf0
V  [libjvm.so+0x8b530e]  os::commit_memory(char*, unsigned long, unsigned long, bool)+0x2e
V  [libjvm.so+0xa68944]  VirtualSpace::expand_by(unsigned long, bool)+0x1a4
V  [libjvm.so+0x5e63ed]  CodeHeap::expand_by(unsigned long)+0x6d
V  [libjvm.so+0x444b16]  CodeCache::allocate(int, bool)+0x46
V  [libjvm.so+0x43ee9b]  BufferBlob::create(char const*, int)+0x8b
V  [libjvm.so+0x44364b]  CodeBuffer::initialize(int, int)+0x1b
V  [libjvm.so+0x8cb709]  Compile::init_buffer(unsigned int*)+0x229
V  [libjvm.so+0x8d2e41]  Compile::Output()+0x351
V  [libjvm.so+0x465c32]  Compile::Code_Gen()+0x322
V  [libjvm.so+0x468d49]  Compile::Compile(ciEnv*, C2Compiler*, ciMethod*, int, bool, bool, bool)+0x1039
V  [libjvm.so+0x3b67b3]  C2Compiler::compile_method(ciEnv*, ciMethod*, int)+0x1d3
V  [libjvm.so+0x474084]  CompileBroker::invoke_compiler_on_method(CompileTask*)+0x7b4
V  [libjvm.so+0x475f66]  CompileBroker::compiler_thread_loop()+0x4b6
V  [libjvm.so+0xa10fab]  JavaThread::thread_main_inner()+0x1eb
V  [libjvm.so+0xa1146f]  JavaThread::run()+0x46f
V  [libjvm.so+0x8b8212]  java_start(Thread*)+0xf2
C  [libpthread.so.0+0x76da]  start_thread+0xca


Current CompileTask:
C2:  35165 4324   !   4       org.springframework.core.annotation.AnnotatedElementUtils::searchWithFindSemantics (713 bytes)


---------------  P R O C E S S  ---------------

Java Threads: ( => current thread )
  0x00007f030c00d800 JavaThread "DestroyJavaVM" [_thread_blocked, id=4895, stack(0x00007f0313969000,0x00007f0313a6a000)]
  0x00007f030d2ba800 JavaThread "http-nio-9960-AsyncTimeout" daemon [_thread_blocked, id=4938, stack(0x00007f02daff4000,0x00007f02db0f5000)]
  0x00007f030d218800 JavaThread "http-nio-9960-Acceptor-0" daemon [_thread_in_native, id=4937, stack(0x00007f02db0f5000,0x00007f02db1f6000)]
  0x00007f030d216800 JavaThread "http-nio-9960-ClientPoller-0" daemon [_thread_in_native, id=4936, stack(0x00007f02db1f6000,0x00007f02db2f7000)]
  0x00007f030d213800 JavaThread "http-nio-9960-exec-10" daemon [_thread_blocked, id=4935, stack(0x00007f02db2f7000,0x00007f02db3f8000)]
  0x00007f030d211800 JavaThread "http-nio-9960-exec-9" daemon [_thread_blocked, id=4934, stack(0x00007f02db3f8000,0x00007f02db4f9000)]
  0x00007f030d20f800 JavaThread "http-nio-9960-exec-8" daemon [_thread_blocked, id=4933, stack(0x00007f02db4f9000,0x00007f02db5fa000)]
  0x00007f030d20d800 JavaThread "http-nio-9960-exec-7" daemon [_thread_blocked, id=4932, stack(0x00007f02db5fa000,0x00007f02db6fb000)]
  0x00007f030d20c000 JavaThread "http-nio-9960-exec-6" daemon [_thread_blocked, id=4931, stack(0x00007f02db6fb000,0x00007f02db7fc000)]
  0x00007f030d20a000 JavaThread "http-nio-9960-exec-5" daemon [_thread_blocked, id=4930, stack(0x00007f02db7fc000,0x00007f02db8fd000)]
  0x00007f030d208000 JavaThread "http-nio-9960-exec-4" daemon [_thread_blocked, id=4929, stack(0x00007f02db8fd000,0x00007f02db9fe000)]
  0x00007f030d206800 JavaThread "http-nio-9960-exec-3" daemon [_thread_blocked, id=4928, stack(0x00007f02db9fe000,0x00007f02dbaff000)]
  0x00007f030d205800 JavaThread "http-nio-9960-exec-2" daemon [_thread_blocked, id=4927, stack(0x00007f02dbaff000,0x00007f02dbc00000)]
  0x00007f030d1ee800 JavaThread "http-nio-9960-exec-1" daemon [_thread_blocked, id=4926, stack(0x00007f02f6280000,0x00007f02f6381000)]
  0x00007f030d0e3000 JavaThread "NioBlockingSelector.BlockPoller-1" daemon [_thread_in_native, id=4925, stack(0x00007f02f517a000,0x00007f02f527b000)]
  0x00005655075ef000 JavaThread "RMI TCP Connection(3)-127.0.0.1" daemon [_thread_in_native, id=4924, stack(0x00007f02f4862000,0x00007f02f4963000)]
  0x00007f030cb10800 JavaThread "Abandoned connection cleanup thread" daemon [_thread_in_vm, id=4921, stack(0x00007f02f4b63000,0x00007f02f4c64000)]
  0x00007f030c81f800 JavaThread "Tomcat JDBC Pool Cleaner[1984697014:1498664166503]" daemon [_thread_blocked, id=4920, stack(0x00007f02f4c64000,0x00007f02f4d65000)]
  0x00007f030cbcf800 JavaThread "container-0" [_thread_blocked, id=4919, stack(0x00007f02f4f78000,0x00007f02f5079000)]
  0x00007f030cbce000 JavaThread "ContainerBackgroundProcessor[StandardEngine[Tomcat]]" daemon [_thread_blocked, id=4918, stack(0x00007f02f5079000,0x00007f02f517a000)]
  0x00007f02ec00a000 JavaThread "JMX server connection timeout 15" daemon [_thread_blocked, id=4912, stack(0x00007f02f6781000,0x00007f02f6882000)]
  0x00007f02e4007000 JavaThread "RMI Scheduler(0)" daemon [_thread_blocked, id=4911, stack(0x00007f02f6882000,0x00007f02f6983000)]
  0x00005655075dc000 JavaThread "RMI TCP Connection(2)-127.0.0.1" daemon [_thread_in_native, id=4910, stack(0x00007f02f6983000,0x00007f02f6a84000)]
  0x00007f02e0001800 JavaThread "RMI TCP Connection(1)-127.0.0.1" daemon [_thread_in_native, id=4908, stack(0x00007f02f6a84000,0x00007f02f6b85000)]
  0x00007f030c4ac000 JavaThread "RMI TCP Accept-0" daemon [_thread_in_native, id=4906, stack(0x00007f02f6c86000,0x00007f02f6d87000)]
  0x00007f030c49d800 JavaThread "RMI TCP Accept-34969" daemon [_thread_in_vm, id=4905, stack(0x00007f02f6d87000,0x00007f02f6e88000)]
  0x00007f030c486800 JavaThread "RMI TCP Accept-0" daemon [_thread_in_native, id=4904, stack(0x00007f02f6e88000,0x00007f02f6f89000)]
  0x00007f030c0ad000 JavaThread "Service Thread" daemon [_thread_blocked, id=4903, stack(0x00007f02f7820000,0x00007f02f7921000)]
  0x00007f030c0a9800 JavaThread "C1 CompilerThread1" daemon [_thread_blocked, id=4902, stack(0x00007f02f7921000,0x00007f02f7a22000)]
=>0x00007f030c0a7800 JavaThread "C2 CompilerThread0" daemon [_thread_in_vm, id=4901, stack(0x00007f02f7a22000,0x00007f02f7b23000)]
  0x00007f030c0a5800 JavaThread "Signal Dispatcher" daemon [_thread_blocked, id=4900, stack(0x00007f02f7b23000,0x00007f02f7c24000)]
  0x00007f030c07d800 JavaThread "Finalizer" daemon [_thread_blocked, id=4898, stack(0x00007f02f7eff000,0x00007f02f8000000)]
  0x00007f030c079000 JavaThread "Reference Handler" daemon [_thread_blocked, id=4897, stack(0x00007f02fc081000,0x00007f02fc182000)]

Other Threads:
  0x00007f030c071800 VMThread [stack: 0x00007f02fc182000,0x00007f02fc283000] [id=4896]
  0x00007f030c4ae000 WatcherThread [stack: 0x00007f02f6b85000,0x00007f02f6c86000] [id=4907]

VM state:not at safepoint (normal execution)

VM Mutex/Monitor currently owned by a thread:  ([mutex/lock_event])
[0x00007f030c008f30] CodeCache_lock - owner thread: 0x00007f030c0a7800
[0x00007f030c00a5b0] Compile_lock - owner thread: 0x00007f030c49d800

Heap:
 def new generation   total 19136K, used 7729K [0x00000000c2400000, 0x00000000c38c0000, 0x00000000d6d50000)
  eden space 17024K,  43% used [0x00000000c2400000, 0x00000000c2b29bb0, 0x00000000c34a0000)
  from space 2112K,  18% used [0x00000000c34a0000, 0x00000000c3502c30, 0x00000000c36b0000)
  to   space 2112K,   0% used [0x00000000c36b0000, 0x00000000c36b0000, 0x00000000c38c0000)
 tenured generation   total 42368K, used 32696K [0x00000000d6d50000, 0x00000000d96b0000, 0x0000000100000000)
   the space 42368K,  77% used [0x00000000d6d50000, 0x00000000d8d3e008, 0x00000000d8d3e200, 0x00000000d96b0000)
 Metaspace       used 48918K, capacity 49388K, committed 49832K, reserved 1093632K
  class space    used 6060K, capacity 6193K, committed 6320K, reserved 1048576K

Card table byte_map: [0x00007f02fce11000,0x00007f02fd000000] byte_map_base: 0x00007f02fc7ff000

Polling page: 0x00007f0313a82000

CodeCache: size=245760Kb used=13285Kb max_used=13285Kb free=232474Kb
 bounds [0x00007f02fd000000, 0x00007f02fdd10000, 0x00007f030c000000]
 total_blobs=4706 nmethods=3947 adapters=670
 compilation: enabled

Compilation events (10 events):
Event: 22.377 Thread 0x00007f030c0a9800 nmethod 4350 0x00007f02fdcff810 code [0x00007f02fdcff980, 0x00007f02fdcffb80]
Event: 22.391 Thread 0x00007f030c0a9800 4351       2       org.apache.catalina.core.DefaultInstanceManager::findLifecycleCallback (126 bytes)
Event: 22.393 Thread 0x00007f030c0a9800 nmethod 4351 0x00007f02fdcffc50 code [0x00007f02fdcffee0, 0x00007f02fdd00870]
Event: 22.396 Thread 0x00007f030c0a9800 4352       2       ch.qos.logback.classic.Logger::appendLoopOnAppenders (18 bytes)
Event: 22.396 Thread 0x00007f030c0a9800 nmethod 4352 0x00007f02fdd01210 code [0x00007f02fdd01380, 0x00007f02fdd01500]
Event: 22.398 Thread 0x00007f030c0a9800 4353       2       org.springframework.core.ResolvableType$WildcardBounds::get (134 bytes)
Event: 22.399 Thread 0x00007f030c0a9800 nmethod 4353 0x00007f02fdd015d0 code [0x00007f02fdd017e0, 0x00007f02fdd01ed8]
Event: 22.400 Thread 0x00007f030c0a9800 4354       2       java.util.concurrent.ConcurrentHashMap$BaseIterator::remove (37 bytes)
Event: 22.400 Thread 0x00007f030c0a9800 nmethod 4354 0x00007f02fdd02410 code [0x00007f02fdd025a0, 0x00007f02fdd027f0]
Event: 27.662 Thread 0x00007f030c0a9800 4355   !   2       sun.rmi.server.LoaderHandler::getClassAnnotation (234 bytes)

GC Heap History (10 events):
Event: 20.387 GC heap before
{Heap before GC invocations=33 (full 2):
 def new generation   total 19136K, used 18847K [0x00000000c2400000, 0x00000000c38c0000, 0x00000000d6d50000)
  eden space 17024K, 100% used [0x00000000c2400000, 0x00000000c34a0000, 0x00000000c34a0000)
  from space 2112K,  86% used [0x00000000c36b0000, 0x00000000c3877fb0, 0x00000000c38c0000)
  to   space 2112K,   0% used [0x00000000c34a0000, 0x00000000c34a0000, 0x00000000c36b0000)
 tenured generation   total 42368K, used 27344K [0x00000000d6d50000, 0x00000000d96b0000, 0x0000000100000000)
   the space 42368K,  64% used [0x00000000d6d50000, 0x00000000d88040c8, 0x00000000d8804200, 0x00000000d96b0000)
 Metaspace       used 46249K, capacity 46774K, committed 47144K, reserved 1091584K
  class space    used 5799K, capacity 5917K, committed 5936K, reserved 1048576K
Event: 20.399 GC heap after
Heap after GC invocations=34 (full 2):
 def new generation   total 19136K, used 1071K [0x00000000c2400000, 0x00000000c38c0000, 0x00000000d6d50000)
  eden space 17024K,   0% used [0x00000000c2400000, 0x00000000c2400000, 0x00000000c34a0000)
  from space 2112K,  50% used [0x00000000c34a0000, 0x00000000c35abd48, 0x00000000c36b0000)
  to   space 2112K,   0% used [0x00000000c36b0000, 0x00000000c36b0000, 0x00000000c38c0000)
 tenured generation   total 42368K, used 28641K [0x00000000d6d50000, 0x00000000d96b0000, 0x0000000100000000)
   the space 42368K,  67% used [0x00000000d6d50000, 0x00000000d8948638, 0x00000000d8948800, 0x00000000d96b0000)
 Metaspace       used 46249K, capacity 46774K, committed 47144K, reserved 1091584K
  class space    used 5799K, capacity 5917K, committed 5936K, reserved 1048576K
}
Event: 20.953 GC heap before
{Heap before GC invocations=34 (full 2):
 def new generation   total 19136K, used 18095K [0x00000000c2400000, 0x00000000c38c0000, 0x00000000d6d50000)
  eden space 17024K, 100% used [0x00000000c2400000, 0x00000000c34a0000, 0x00000000c34a0000)
  from space 2112K,  50% used [0x00000000c34a0000, 0x00000000c35abd48, 0x00000000c36b0000)
  to   space 2112K,   0% used [0x00000000c36b0000, 0x00000000c36b0000, 0x00000000c38c0000)
 tenured generation   total 42368K, used 28641K [0x00000000d6d50000, 0x00000000d96b0000, 0x0000000100000000)
   the space 42368K,  67% used [0x00000000d6d50000, 0x00000000d8948638, 0x00000000d8948800, 0x00000000d96b0000)
 Metaspace       used 47707K, capacity 48186K, committed 48552K, reserved 1091584K
  class space    used 5904K, capacity 6028K, committed 6064K, reserved 1048576K
Event: 20.964 GC heap after
Heap after GC invocations=35 (full 2):
 def new generation   total 19136K, used 1780K [0x00000000c2400000, 0x00000000c38c0000, 0x00000000d6d50000)
  eden space 17024K,   0% used [0x00000000c2400000, 0x00000000c2400000, 0x00000000c34a0000)
  from space 2112K,  84% used [0x00000000c36b0000, 0x00000000c386d010, 0x00000000c38c0000)
  to   space 2112K,   0% used [0x00000000c34a0000, 0x00000000c34a0000, 0x00000000c36b0000)
 tenured generation   total 42368K, used 29462K [0x00000000d6d50000, 0x00000000d96b0000, 0x0000000100000000)
   the space 42368K,  69% used [0x00000000d6d50000, 0x00000000d8a15be8, 0x00000000d8a15c00, 0x00000000d96b0000)
 Metaspace       used 47707K, capacity 48186K, committed 48552K, reserved 1091584K
  class space    used 5904K, capacity 6028K, committed 6064K, reserved 1048576K
}
Event: 21.360 GC heap before
{Heap before GC invocations=35 (full 2):
 def new generation   total 19136K, used 18804K [0x00000000c2400000, 0x00000000c38c0000, 0x00000000d6d50000)
  eden space 17024K, 100% used [0x00000000c2400000, 0x00000000c34a0000, 0x00000000c34a0000)
  from space 2112K,  84% used [0x00000000c36b0000, 0x00000000c386d010, 0x00000000c38c0000)
  to   space 2112K,   0% used [0x00000000c34a0000, 0x00000000c34a0000, 0x00000000c36b0000)
 tenured generation   total 42368K, used 29462K [0x00000000d6d50000, 0x00000000d96b0000, 0x0000000100000000)
   the space 42368K,  69% used [0x00000000d6d50000, 0x00000000d8a15be8, 0x00000000d8a15c00, 0x00000000d96b0000)
 Metaspace       used 48185K, capacity 48704K, committed 49192K, reserved 1091584K
  class space    used 5963K, capacity 6094K, committed 6192K, reserved 1048576K
Event: 21.370 GC heap after
Heap after GC invocations=36 (full 2):
 def new generation   total 19136K, used 1410K [0x00000000c2400000, 0x00000000c38c0000, 0x00000000d6d50000)
  eden space 17024K,   0% used [0x00000000c2400000, 0x00000000c2400000, 0x00000000c34a0000)
  from space 2112K,  66% used [0x00000000c34a0000, 0x00000000c3600bd8, 0x00000000c36b0000)
  to   space 2112K,   0% used [0x00000000c36b0000, 0x00000000c36b0000, 0x00000000c38c0000)
 tenured generation   total 42368K, used 30622K [0x00000000d6d50000, 0x00000000d96b0000, 0x0000000100000000)
   the space 42368K,  72% used [0x00000000d6d50000, 0x00000000d8b37ad0, 0x00000000d8b37c00, 0x00000000d96b0000)
 Metaspace       used 48185K, capacity 48704K, committed 49192K, reserved 1091584K
  class space    used 5963K, capacity 6094K, committed 6192K, reserved 1048576K
}
Event: 21.674 GC heap before
{Heap before GC invocations=36 (full 2):
 def new generation   total 19136K, used 18434K [0x00000000c2400000, 0x00000000c38c0000, 0x00000000d6d50000)
  eden space 17024K, 100% used [0x00000000c2400000, 0x00000000c34a0000, 0x00000000c34a0000)
  from space 2112K,  66% used [0x00000000c34a0000, 0x00000000c3600bd8, 0x00000000c36b0000)
  to   space 2112K,   0% used [0x00000000c36b0000, 0x00000000c36b0000, 0x00000000c38c0000)
 tenured generation   total 42368K, used 30622K [0x00000000d6d50000, 0x00000000d96b0000, 0x0000000100000000)
   the space 42368K,  72% used [0x00000000d6d50000, 0x00000000d8b37ad0, 0x00000000d8b37c00, 0x00000000d96b0000)
 Metaspace       used 48371K, capacity 48940K, committed 49192K, reserved 1091584K
  class space    used 5993K, capacity 6129K, committed 6192K, reserved 1048576K
Event: 21.684 GC heap after
Heap after GC invocations=37 (full 2):
 def new generation   total 19136K, used 1090K [0x00000000c2400000, 0x00000000c38c0000, 0x00000000d6d50000)
  eden space 17024K,   0% used [0x00000000c2400000, 0x00000000c2400000, 0x00000000c34a0000)
  from space 2112K,  51% used [0x00000000c36b0000, 0x00000000c37c0920, 0x00000000c38c0000)
  to   space 2112K,   0% used [0x00000000c34a0000, 0x00000000c34a0000, 0x00000000c36b0000)
 tenured generation   total 42368K, used 31709K [0x00000000d6d50000, 0x00000000d96b0000, 0x0000000100000000)
   the space 42368K,  74% used [0x00000000d6d50000, 0x00000000d8c476a8, 0x00000000d8c47800, 0x00000000d96b0000)
 Metaspace       used 48371K, capacity 48940K, committed 49192K, reserved 1091584K
  class space    used 5993K, capacity 6129K, committed 6192K, reserved 1048576K
}
Event: 21.984 GC heap before
{Heap before GC invocations=37 (full 2):
 def new generation   total 19136K, used 18114K [0x00000000c2400000, 0x00000000c38c0000, 0x00000000d6d50000)
  eden space 17024K, 100% used [0x00000000c2400000, 0x00000000c34a0000, 0x00000000c34a0000)
  from space 2112K,  51% used [0x00000000c36b0000, 0x00000000c37c0920, 0x00000000c38c0000)
  to   space 2112K,   0% used [0x00000000c34a0000, 0x00000000c34a0000, 0x00000000c36b0000)
 tenured generation   total 42368K, used 31709K [0x00000000d6d50000, 0x00000000d96b0000, 0x0000000100000000)
   the space 42368K,  74% used [0x00000000d6d50000, 0x00000000d8c476a8, 0x00000000d8c47800, 0x00000000d96b0000)
 Metaspace       used 48421K, capacity 48940K, committed 49192K, reserved 1091584K
  class space    used 6002K, capacity 6129K, committed 6192K, reserved 1048576K
Event: 21.994 GC heap after
Heap after GC invocations=38 (full 2):
 def new generation   total 19136K, used 395K [0x00000000c2400000, 0x00000000c38c0000, 0x00000000d6d50000)
  eden space 17024K,   0% used [0x00000000c2400000, 0x00000000c2400000, 0x00000000c34a0000)
  from space 2112K,  18% used [0x00000000c34a0000, 0x00000000c3502c30, 0x00000000c36b0000)
  to   space 2112K,   0% used [0x00000000c36b0000, 0x00000000c36b0000, 0x00000000c38c0000)
 tenured generation   total 42368K, used 32696K [0x00000000d6d50000, 0x00000000d96b0000, 0x0000000100000000)
   the space 42368K,  77% used [0x00000000d6d50000, 0x00000000d8d3e008, 0x00000000d8d3e200, 0x00000000d96b0000)
 Metaspace       used 48421K, capacity 48940K, committed 49192K, reserved 1091584K
  class space    used 6002K, capacity 6129K, committed 6192K, reserved 1048576K
}

Deoptimization events (10 events):
Event: 18.111 Thread 0x00007f030c00d800 Uncommon trap: reason=range_check action=make_not_entrant pc=0x00007f02fd8d2b30 method=java.lang.String.charAt(I)C @ 27
Event: 18.126 Thread 0x00007f030c00d800 Uncommon trap: reason=unstable_if action=reinterpret pc=0x00007f02fd814800 method=org.springframework.asm.Type.getDescriptor(Ljava/lang/StringBuilder;Ljava/lang/Class;)V @ 39
Event: 18.474 Thread 0x00007f030c00d800 Uncommon trap: reason=unstable_if action=reinterpret pc=0x00007f02fd9ea120 method=java.util.WeakHashMap.put(Ljava/lang/Object;Ljava/lang/Object;)Ljava/lang/Object; @ 47
Event: 19.557 Thread 0x00007f030c00d800 Uncommon trap: reason=unstable_if action=reinterpret pc=0x00007f02fdaae1b4 method=java.util.concurrent.ConcurrentHashMap.transfer([Ljava/util/concurrent/ConcurrentHashMap$Node;[Ljava/util/concurrent/ConcurrentHashMap$Node;)V @ 356
Event: 19.572 Thread 0x00007f030c00d800 Uncommon trap: reason=unstable_if action=reinterpret pc=0x00007f02fda3d568 method=java.util.concurrent.ConcurrentHashMap.transfer([Ljava/util/concurrent/ConcurrentHashMap$Node;[Ljava/util/concurrent/ConcurrentHashMap$Node;)V @ 356
Event: 21.023 Thread 0x00007f030c00d800 Uncommon trap: reason=class_check action=maybe_recompile pc=0x00007f02fda0982c method=java.lang.ClassLoader.loadClass(Ljava/lang/String;Z)Ljava/lang/Class; @ 38
Event: 21.024 Thread 0x00007f030c00d800 Uncommon trap: reason=class_check action=maybe_recompile pc=0x00007f02fda0982c method=java.lang.ClassLoader.loadClass(Ljava/lang/String;Z)Ljava/lang/Class; @ 38
Event: 21.024 Thread 0x00007f030c00d800 Uncommon trap: reason=class_check action=maybe_recompile pc=0x00007f02fda0982c method=java.lang.ClassLoader.loadClass(Ljava/lang/String;Z)Ljava/lang/Class; @ 38
Event: 21.024 Thread 0x00007f030c00d800 Uncommon trap: reason=class_check action=maybe_recompile pc=0x00007f02fda0982c method=java.lang.ClassLoader.loadClass(Ljava/lang/String;Z)Ljava/lang/Class; @ 38
Event: 22.054 Thread 0x00007f030c00d800 Uncommon trap: reason=unstable_if action=reinterpret pc=0x00007f02fdcd24f4 method=org.springframework.util.ConcurrentReferenceHashMap$Segment.clear()V @ 4

Internal exceptions (10 events):
Event: 21.735 Thread 0x00007f030c00d800 Exception <a 'java/lang/ClassNotFoundException': org/springframework/boot/autoconfigure/web/WebClientAutoConfiguration$RestTemplateConfigurationCustomizer> (0x00000000c28b89b8) thrown at [/build/openjdk-8-gNa4Mq/openjdk-8-8u121-b13/src/hotspot/src/share/v
Event: 21.735 Thread 0x00007f030c00d800 Exception <a 'java/lang/ClassNotFoundException': org/springframework/boot/autoconfigure/web/WebClientAutoConfiguration$RestTemplateConfiguration$$EnhancerBySpringCGLIB$$bb4ac05dCustomizer> (0x00000000c28e0480) thrown at [/build/openjdk-8-gNa4Mq/openjdk-8-
Event: 21.736 Thread 0x00007f030c00d800 Exception <a 'java/lang/ClassNotFoundException': org/springframework/context/annotation/ConfigurationClassEnhancer$EnhancedConfigurationCustomizer> (0x00000000c29045c0) thrown at [/build/openjdk-8-gNa4Mq/openjdk-8-8u121-b13/src/hotspot/src/share/vm/classf
Event: 21.753 Thread 0x00007f030c00d800 Exception <a 'java/lang/ClassNotFoundException': org/springframework/boot/web/client/RestTemplateBuilderBeanInfo> (0x00000000c29c3568) thrown at [/build/openjdk-8-gNa4Mq/openjdk-8-8u121-b13/src/hotspot/src/share/vm/classfile/systemDictionary.cpp, line 210
Event: 21.753 Thread 0x00007f030c00d800 Exception <a 'java/lang/ClassNotFoundException': org/springframework/boot/web/client/RestTemplateBuilderCustomizer> (0x00000000c29d8978) thrown at [/build/openjdk-8-gNa4Mq/openjdk-8-8u121-b13/src/hotspot/src/share/vm/classfile/systemDictionary.cpp, line 2
Event: 21.771 Thread 0x00007f030c00d800 Exception <a 'java/lang/ClassNotFoundException': java/lang/ObjectCustomizer> (0x00000000c2a0d948) thrown at [/build/openjdk-8-gNa4Mq/openjdk-8-8u121-b13/src/hotspot/src/share/vm/classfile/systemDictionary.cpp, line 210]
Event: 21.771 Thread 0x00007f030c00d800 Exception <a 'java/lang/ClassNotFoundException': org/springframework/boot/autoconfigure/web/WebClientAutoConfigurationCustomizer> (0x00000000c2a2a020) thrown at [/build/openjdk-8-gNa4Mq/openjdk-8-8u121-b13/src/hotspot/src/share/vm/classfile/systemDictiona
Event: 21.771 Thread 0x00007f030c00d800 Exception <a 'java/lang/ClassNotFoundException': org/springframework/boot/autoconfigure/web/WebClientAutoConfiguration$$EnhancerBySpringCGLIB$$c4ba6df9Customizer> (0x00000000c2a4b8e0) thrown at [/build/openjdk-8-gNa4Mq/openjdk-8-8u121-b13/src/hotspot/src/
Event: 21.772 Thread 0x00007f030c00d800 Exception <a 'java/lang/ClassNotFoundException': org/springframework/context/annotation/ConfigurationClassEnhancer$EnhancedConfigurationCustomizer> (0x00000000c2a6de88) thrown at [/build/openjdk-8-gNa4Mq/openjdk-8-8u121-b13/src/hotspot/src/share/vm/classf
Event: 25.208 Thread 0x00007f030c49d800 Exception <a 'java/lang/OutOfMemoryError': unable to create new native thread> (0x00000000c2afb870) thrown at [/build/openjdk-8-gNa4Mq/openjdk-8-8u121-b13/src/hotspot/src/share/vm/prims/jvm.cpp, line 3033]

Events (10 events):
Event: 22.408 loading class org/springframework/boot/CommandLineRunner
Event: 22.408 loading class org/springframework/boot/CommandLineRunner done
Event: 22.409 loading class org/springframework/util/StopWatch$TaskInfo
Event: 22.409 loading class org/springframework/util/StopWatch$TaskInfo done
Event: 22.421 Thread 0x00007f030c00d800 Thread exited: 0x00007f030c00d800
Event: 22.421 Thread 0x00007f030c00d800 Thread added: 0x00007f030c00d800
Event: 25.225 loading class ch/qos/logback/classic/spi/ThrowableProxy
Event: 25.230 loading class ch/qos/logback/classic/spi/ThrowableProxy done
Event: 27.447 loading class ch/qos/logback/classic/spi/ThrowableProxyUtil
Event: 27.672 loading class ch/qos/logback/classic/spi/ThrowableProxyUtil done


Dynamic libraries:
c2400000-c38c0000 rw-p 00000000 00:00 0 
c38c0000-d6d50000 ---p 00000000 00:00 0 
d6d50000-d96b0000 rw-p 00000000 00:00 0 
d96b0000-100000000 ---p 00000000 00:00 0 
100000000-10062c000 rw-p 00000000 00:00 0 
10062c000-140000000 ---p 00000000 00:00 0 
565505645000-565505646000 r-xp 00000000 08:01 1449930                    /usr/lib/jvm/java-8-openjdk-amd64/jre/bin/java
565505845000-565505846000 r--p 00000000 08:01 1449930                    /usr/lib/jvm/java-8-openjdk-amd64/jre/bin/java
565505846000-565505847000 rw-p 00001000 08:01 1449930                    /usr/lib/jvm/java-8-openjdk-amd64/jre/bin/java
5655075c4000-565507607000 rw-p 00000000 00:00 0                          [heap]
7f02daff4000-7f02daff7000 ---p 00000000 00:00 0 
7f02daff7000-7f02db0f5000 rw-p 00000000 00:00 0 
7f02db0f5000-7f02db0f8000 ---p 00000000 00:00 0 
7f02db0f8000-7f02db1f6000 rw-p 00000000 00:00 0 
7f02db1f6000-7f02db1f9000 ---p 00000000 00:00 0 
7f02db1f9000-7f02db2f7000 rw-p 00000000 00:00 0 
7f02db2f7000-7f02db2fa000 ---p 00000000 00:00 0 
7f02db2fa000-7f02db3f8000 rw-p 00000000 00:00 0 
7f02db3f8000-7f02db3fb000 ---p 00000000 00:00 0 
7f02db3fb000-7f02db4f9000 rw-p 00000000 00:00 0 
7f02db4f9000-7f02db4fc000 ---p 00000000 00:00 0 
7f02db4fc000-7f02db5fa000 rw-p 00000000 00:00 0 
7f02db5fa000-7f02db5fd000 ---p 00000000 00:00 0 
7f02db5fd000-7f02db6fb000 rw-p 00000000 00:00 0 
7f02db6fb000-7f02db6fe000 ---p 00000000 00:00 0 
7f02db6fe000-7f02db7fc000 rw-p 00000000 00:00 0 
7f02db7fc000-7f02db7ff000 ---p 00000000 00:00 0 
7f02db7ff000-7f02db8fd000 rw-p 00000000 00:00 0 
7f02db8fd000-7f02db900000 ---p 00000000 00:00 0 
7f02db900000-7f02db9fe000 rw-p 00000000 00:00 0 
7f02db9fe000-7f02dba01000 ---p 00000000 00:00 0 
7f02dba01000-7f02dbaff000 rw-p 00000000 00:00 0 
7f02dbaff000-7f02dbb02000 ---p 00000000 00:00 0 
7f02dbb02000-7f02dbc80000 rw-p 00000000 00:00 0 
7f02dbc80000-7f02dbe00000 ---p 00000000 00:00 0 
7f02dbe00000-7f02dc000000 rw-p 00000000 00:00 0 
7f02dc000000-7f02dd0e6000 rw-p 00000000 00:00 0 
7f02dd0e6000-7f02e0000000 ---p 00000000 00:00 0 
7f02e0000000-7f02e0021000 rw-p 00000000 00:00 0 
7f02e0021000-7f02e4000000 ---p 00000000 00:00 0 
7f02e4000000-7f02e4021000 rw-p 00000000 00:00 0 
7f02e4021000-7f02e8000000 ---p 00000000 00:00 0 
7f02e8000000-7f02eb2b0000 rw-p 00000000 00:00 0 
7f02eb2b0000-7f02ec000000 ---p 00000000 00:00 0 
7f02ec000000-7f02ec021000 rw-p 00000000 00:00 0 
7f02ec021000-7f02f0000000 ---p 00000000 00:00 0 
7f02f0000000-7f02f0021000 rw-p 00000000 00:00 0 
7f02f0021000-7f02f4000000 ---p 00000000 00:00 0 
7f02f4062000-7f02f4262000 rw-p 00000000 00:00 0 
7f02f4262000-7f02f4462000 rw-p 00000000 00:00 0 
7f02f4462000-7f02f4662000 rw-p 00000000 00:00 0 
7f02f4662000-7f02f4862000 rw-p 00000000 00:00 0 
7f02f4862000-7f02f4865000 ---p 00000000 00:00 0 
7f02f4865000-7f02f4b61000 rw-p 00000000 00:00 0 
7f02f4b61000-7f02f4b63000 ---p 00000000 00:00 0 
7f02f4b63000-7f02f4b66000 ---p 00000000 00:00 0 
7f02f4b66000-7f02f4c64000 rw-p 00000000 00:00 0 
7f02f4c64000-7f02f4c67000 ---p 00000000 00:00 0 
7f02f4c67000-7f02f4f65000 rw-p 00000000 00:00 0 
7f02f4f65000-7f02f4f78000 r--s 00346000 08:01 1450018                    /usr/lib/jvm/java-8-openjdk-amd64/jre/lib/resources.jar
7f02f4f78000-7f02f4f7b000 ---p 00000000 00:00 0 
7f02f4f7b000-7f02f5079000 rw-p 00000000 00:00 0 
7f02f5079000-7f02f507c000 ---p 00000000 00:00 0 
7f02f507c000-7f02f517a000 rw-p 00000000 00:00 0 
7f02f517a000-7f02f517d000 ---p 00000000 00:00 0 
7f02f517d000-7f02f547b000 rw-p 00000000 00:00 0 
7f02f547b000-7f02f5480000 r--s 002f9000 08:01 1449980                    /usr/lib/jvm/java-8-openjdk-amd64/jre/lib/charsets.jar
7f02f5480000-7f02f5680000 rw-p 00000000 00:00 0 
7f02f5680000-7f02f5880000 rw-p 00000000 00:00 0 
7f02f5880000-7f02f5a80000 rw-p 00000000 00:00 0 
7f02f5a80000-7f02f5c80000 rw-p 00000000 00:00 0 
7f02f5c80000-7f02f5e80000 rw-p 00000000 00:00 0 
7f02f5e80000-7f02f6080000 rw-p 00000000 00:00 0 
7f02f6080000-7f02f6280000 rw-p 00000000 00:00 0 
7f02f6280000-7f02f6283000 ---p 00000000 00:00 0 
7f02f6283000-7f02f6581000 rw-p 00000000 00:00 0 
7f02f6581000-7f02f6781000 rw-p 00000000 00:00 0 
7f02f6781000-7f02f6784000 ---p 00000000 00:00 0 
7f02f6784000-7f02f6882000 rw-p 00000000 00:00 0 
7f02f6882000-7f02f6885000 ---p 00000000 00:00 0 
7f02f6885000-7f02f6983000 rw-p 00000000 00:00 0 
7f02f6983000-7f02f6986000 ---p 00000000 00:00 0 
7f02f6986000-7f02f6a84000 rw-p 00000000 00:00 0 
7f02f6a84000-7f02f6a87000 ---p 00000000 00:00 0 
7f02f6a87000-7f02f6b85000 rw-p 00000000 00:00 0 
7f02f6b85000-7f02f6b86000 ---p 00000000 00:00 0 
7f02f6b86000-7f02f6c86000 rw-p 00000000 00:00 0 
7f02f6c86000-7f02f6c89000 ---p 00000000 00:00 0 
7f02f6c89000-7f02f6d87000 rw-p 00000000 00:00 0 
7f02f6d87000-7f02f6d8a000 ---p 00000000 00:00 0 
7f02f6d8a000-7f02f6e88000 rw-p 00000000 00:00 0 
7f02f6e88000-7f02f6e8b000 ---p 00000000 00:00 0 
7f02f6e8b000-7f02f6f89000 rw-p 00000000 00:00 0 
7f02f6f89000-7f02f6f8d000 r--s 0009a000 08:01 1450013                    /usr/lib/jvm/java-8-openjdk-amd64/jre/lib/jsse.jar
7f02f6f8d000-7f02f6fa3000 r--s 000fc000 08:01 928709                     /home/student/.m2/repository/org/springframework/spring-core/4.3.9.RELEASE/spring-core-4.3.9.RELEASE.jar
7f02f6fa3000-7f02f6fad000 r--s 000ea000 08:01 3154141                    /home/student/.m2/repository/mysql/mysql-connector-java/5.1.42/mysql-connector-java-5.1.42.jar
7f02f6fad000-7f02f6fb2000 r--s 0003c000 08:01 2497940                    /home/student/.m2/repository/org/springframework/spring-expression/4.3.9.RELEASE/spring-expression-4.3.9.RELEASE.jar
7f02f6fb2000-7f02f6fc3000 r--s 000cf000 08:01 3023653                    /home/student/.m2/repository/org/springframework/spring-webmvc/4.3.9.RELEASE/spring-webmvc-4.3.9.RELEASE.jar
7f02f6fc3000-7f02f6fd5000 r--s 000b7000 08:01 2889573                    /home/student/.m2/repository/org/springframework/spring-web/4.3.9.RELEASE/spring-web-4.3.9.RELEASE.jar
7f02f6fd5000-7f02f6fd8000 r--s 00042000 08:01 1713391                    /home/student/.m2/repository/com/fasterxml/jackson/core/jackson-core/2.8.8/jackson-core-2.8.8.jar
7f02f6fd8000-7f02f6fdb000 r--s 0000b000 08:01 1452902                    /home/student/.m2/repository/com/fasterxml/jackson/core/jackson-annotations/2.8.0/jackson-annotations-2.8.0.jar
7f02f6fdb000-7f02f6fed000 r--s 0011d000 08:01 1192899                    /home/student/.m2/repository/com/fasterxml/jackson/core/jackson-databind/2.8.8/jackson-databind-2.8.8.jar
7f02f6fed000-7f02f6ff3000 r--s 00036000 08:01 2497938                    /home/student/.m2/repository/org/apache/tomcat/embed/tomcat-embed-websocket/8.5.15/tomcat-embed-websocket-8.5.15.jar
7f02f6ff3000-7f02f701d000 r--s 002c0000 08:01 2246969                    /home/student/.m2/repository/org/apache/tomcat/embed/tomcat-embed-core/8.5.15/tomcat-embed-core-8.5.15.jar
7f02f701d000-7f02f701e000 r--s 00000000 08:01 3154139                    /home/student/.m2/repository/org/springframework/boot/spring-boot-starter-tomcat/1.5.4.RELEASE/spring-boot-starter-tomcat-1.5.4.RELEASE.jar
7f02f701e000-7f02f701f000 r--s 00000000 08:01 3154137                    /home/student/.m2/repository/org/springframework/boot/spring-boot-starter-web/1.5.4.RELEASE/spring-boot-starter-web-1.5.4.RELEASE.jar
7f02f701f000-7f02f7021000 r--s 0000e000 08:01 928618                     /home/student/.m2/repository/com/fasterxml/classmate/1.3.3/classmate-1.3.3.jar
7f02f7021000-7f02f7025000 r--s 0000c000 08:01 3151953                    /home/student/.m2/repository/javax/validation/validation-api/1.1.0.Final/validation-api-1.1.0.Final.jar
7f02f7025000-7f02f7036000 r--s 000a1000 08:01 3151951                    /home/student/.m2/repository/org/hibernate/hibernate-validator/5.3.5.Final/hibernate-validator-5.3.5.Final.jar
7f02f7036000-7f02f703b000 r--s 00036000 08:01 2371282                    /home/student/.m2/repository/org/apache/tomcat/embed/tomcat-embed-el/8.5.15/tomcat-embed-el-8.5.15.jar
7f02f703b000-7f02f703c000 r--s 00000000 08:01 666481                     /home/student/.m2/repository/org/springframework/boot/spring-boot-starter-validation/1.5.4.RELEASE/spring-boot-starter-validation-1.5.4.RELEASE.jar
7f02f703c000-7f02f7089000 r--s 0040d000 08:01 1068837                    /home/student/.m2/repository/org/codehaus/groovy/groovy/2.4.11/groovy-2.4.11.jar
7f02f7089000-7f02f708c000 r--s 0001a000 08:01 666441                     /home/student/.m2/repository/nz/net/ultraq/thymeleaf/thymeleaf-layout-dialect/1.4.0/thymeleaf-layout-dialect-1.4.0.jar
7f02f708c000-7f02f708f000 r--s 00020000 08:01 666439                     /home/student/.m2/repository/org/unbescape/unbescape/1.1.0.RELEASE/unbescape-1.1.0.RELEASE.jar
7f02f708f000-7f02f7092000 r--s 00035000 08:01 666437                     /home/student/.m2/repository/ognl/ognl/3.0.8/ognl-3.0.8.jar
7f02f7092000-7f02f709f000 r--s 000b7000 08:01 666435                     /home/student/.m2/repository/org/thymeleaf/thymeleaf/2.1.5.RELEASE/thymeleaf-2.1.5.RELEASE.jar
7f02f709f000-7f02f70a2000 r--s 00034000 08:01 666433                     /home/student/.m2/repository/org/thymeleaf/thymeleaf-spring4/2.1.5.RELEASE/thymeleaf-spring4-2.1.5.RELEASE.jar
7f02f70a2000-7f02f70a3000 r--s 00000000 08:01 666431                     /home/student/.m2/repository/org/springframework/boot/spring-boot-starter-thymeleaf/1.5.4.RELEASE/spring-boot-starter-thymeleaf-1.5.4.RELEASE.jar
7f02f70a3000-7f02f70a6000 r--s 0000c000 08:01 2889599                    /home/student/.m2/repository/org/springframework/spring-aspects/4.3.9.RELEASE/spring-aspects-4.3.9.RELEASE.jar
7f02f70a6000-7f02f70a8000 r--s 00003000 08:01 3151943                    /home/student/.m2/repository/org/slf4j/jcl-over-slf4j/1.7.25/jcl-over-slf4j-1.7.25.jar
7f02f70a8000-7f02f70aa000 r--s 00009000 08:01 3151941                    /home/student/.m2/repository/org/slf4j/slf4j-api/1.7.25/slf4j-api-1.7.25.jar
7f02f70aa000-7f02f70b8000 r--s 000ad000 08:01 2246971                    /home/student/.m2/repository/org/springframework/spring-beans/4.3.9.RELEASE/spring-beans-4.3.9.RELEASE.jar
7f02f70b8000-7f02f70c0000 r--s 0003a000 08:01 2758619                    /home/student/.m2/repository/org/springframework/spring-tx/4.3.9.RELEASE/spring-tx-4.3.9.RELEASE.jar
7f02f70c0000-7f02f70d9000 r--s 000fe000 08:01 1193008                    /home/student/.m2/repository/org/springframework/spring-context/4.3.9.RELEASE/spring-context-4.3.9.RELEASE.jar
7f02f70d9000-7f02f70e3000 r--s 0006b000 08:01 2758617                    /home/student/.m2/repository/org/springframework/spring-orm/4.3.9.RELEASE/spring-orm-4.3.9.RELEASE.jar
7f02f70e3000-7f02f70f6000 r--s 000ac000 08:01 1591120                    /home/student/.m2/repository/org/springframework/data/spring-data-commons/1.13.4.RELEASE/spring-data-commons-1.13.4.RELEASE.jar
7f02f70f6000-7f02f70fd000 r--s 00040000 08:01 928775                     /home/student/.m2/repository/org/springframework/data/spring-data-jpa/1.11.4.RELEASE/spring-data-jpa-1.11.4.RELEASE.jar
7f02f70fd000-7f02f70ff000 r--s 00006000 08:01 3151937                    /home/student/.m2/repository/javax/transaction/javax.transaction-api/1.2/javax.transaction-api-1.2.jar
7f02f70ff000-7f02f710c000 r--s 00089000 08:01 3151935                    /home/student/.m2/repository/org/hibernate/hibernate-entitymanager/5.0.12.Final/hibernate-entitymanager-5.0.12.Final.jar
7f02f710c000-7f02f710f000 r--s 00010000 08:01 3151933                    /home/student/.m2/repository/org/hibernate/common/hibernate-commons-annotations/5.0.1.Final/hibernate-commons-annotations-5.0.1.Final.jar
7f02f710f000-7f02f7114000 r--s 00048000 08:01 3151931                    /home/student/.m2/repository/dom4j/dom4j/1.6.1/dom4j-1.6.1.jar
7f02f7114000-7f02f7117000 r--s 0002b000 08:01 3151929                    /home/student/.m2/repository/org/jboss/jandex/2.0.0.Final/jandex-2.0.0.Final.jar
7f02f7117000-7f02f711c000 r--s 00068000 08:01 3151927                    /home/student/.m2/repository/antlr/antlr/2.7.7/antlr-2.7.7.jar
7f02f711c000-7f02f7126000 r--s 000aa000 08:01 3151925                    /home/student/.m2/repository/org/javassist/javassist/3.21.0-GA/javassist-3.21.0-GA.jar
7f02f7126000-7f02f712b000 r--s 00017000 08:01 3151923                    /home/student/.m2/repository/org/hibernate/javax/persistence/hibernate-jpa-2.1-api/1.0.0.Final/hibernate-jpa-2.1-api-1.0.0.Final.jar
7f02f712b000-7f02f712e000 r--s 0000e000 08:01 3151921                    /home/student/.m2/repository/org/jboss/logging/jboss-logging/3.3.1.Final/jboss-logging-3.3.1.Final.jar
7f02f712e000-7f02f7197000 r--s 004f3000 08:01 3151919                    /home/student/.m2/repository/org/hibernate/hibernate-core/5.0.12.Final/hibernate-core-5.0.12.Final.jar
7f02f7197000-7f02f71a1000 r--s 0005f000 08:01 2497966                    /home/student/.m2/repository/org/springframework/spring-jdbc/4.3.9.RELEASE/spring-jdbc-4.3.9.RELEASE.jar
7f02f71a1000-7f02f71a4000 r--s 00021000 08:01 1986646                    /home/student/.m2/repository/org/apache/tomcat/tomcat-jdbc/8.5.15/tomcat-jdbc-8.5.15.jar
7f02f71a4000-7f02f71bc000 r--s 001bf000 08:01 1844692                    /home/student/.m2/repository/org/aspectj/aspectjweaver/1.8.10/aspectjweaver-1.8.10.jar
7f02f71bc000-7f02f71c5000 r--s 00054000 08:01 1591107                    /home/student/.m2/repository/org/springframework/spring-aop/4.3.9.RELEASE/spring-aop-4.3.9.RELEASE.jar
7f02f71c5000-7f02f71cb000 r--s 0003d000 08:01 1452898                    /home/student/.m2/repository/org/yaml/snakeyaml/1.17/snakeyaml-1.17.jar
7f02f71cb000-7f02f71eb000 r--s 000e5000 08:01 2628699                    /home/student/.m2/repository/org/springframework/boot/spring-boot-autoconfigure/1.5.4.RELEASE/spring-boot-autoconfigure-1.5.4.RELEASE.jar
7f02f71eb000-7f02f71fc000 r-xp 00000000 08:01 1449969                    /usr/lib/jvm/java-8-openjdk-amd64/jre/lib/amd64/libnio.so
7f02f71fc000-7f02f73fc000 ---p 00011000 08:01 1449969                    /usr/lib/jvm/java-8-openjdk-amd64/jre/lib/amd64/libnio.so
7f02f73fc000-7f02f73fd000 r--p 00011000 08:01 1449969                    /usr/lib/jvm/java-8-openjdk-amd64/jre/lib/amd64/libnio.so
7f02f73fd000-7f02f73fe000 rw-p 00012000 08:01 1449969                    /usr/lib/jvm/java-8-openjdk-amd64/jre/lib/amd64/libnio.so
7f02f73fe000-7f02f7415000 r-xp 00000000 08:01 1449968                    /usr/lib/jvm/java-8-openjdk-amd64/jre/lib/amd64/libnet.so
7f02f7415000-7f02f7614000 ---p 00017000 08:01 1449968                    /usr/lib/jvm/java-8-openjdk-amd64/jre/lib/amd64/libnet.so
7f02f7614000-7f02f7615000 r--p 00016000 08:01 1449968                    /usr/lib/jvm/java-8-openjdk-amd64/jre/lib/amd64/libnet.so
7f02f7615000-7f02f7616000 rw-p 00017000 08:01 1449968                    /usr/lib/jvm/java-8-openjdk-amd64/jre/lib/amd64/libnet.so
7f02f7616000-7f02f761f000 r-xp 00000000 08:01 1449966                    /usr/lib/jvm/java-8-openjdk-amd64/jre/lib/amd64/libmanagement.so
7f02f761f000-7f02f781e000 ---p 00009000 08:01 1449966                    /usr/lib/jvm/java-8-openjdk-amd64/jre/lib/amd64/libmanagement.so
7f02f781e000-7f02f781f000 r--p 00008000 08:01 1449966                    /usr/lib/jvm/java-8-openjdk-amd64/jre/lib/amd64/libmanagement.so
7f02f781f000-7f02f7820000 rw-p 00009000 08:01 1449966                    /usr/lib/jvm/java-8-openjdk-amd64/jre/lib/amd64/libmanagement.so
7f02f7820000-7f02f7823000 ---p 00000000 00:00 0 
7f02f7823000-7f02f7921000 rw-p 00000000 00:00 0 
7f02f7921000-7f02f7924000 ---p 00000000 00:00 0 
7f02f7924000-7f02f7a22000 rw-p 00000000 00:00 0 
7f02f7a22000-7f02f7a25000 ---p 00000000 00:00 0 
7f02f7a25000-7f02f7b23000 rw-p 00000000 00:00 0 
7f02f7b23000-7f02f7b26000 ---p 00000000 00:00 0 
7f02f7b26000-7f02f7c24000 rw-p 00000000 00:00 0 
7f02f7c24000-7f02f7eff000 r--p 00000000 08:01 1313539                    /usr/lib/locale/locale-archive
7f02f7eff000-7f02f7f02000 ---p 00000000 00:00 0 
7f02f7f02000-7f02f8000000 rw-p 00000000 00:00 0 
7f02f8000000-7f02f82b6000 rw-p 00000000 00:00 0 
7f02f82b6000-7f02fc000000 ---p 00000000 00:00 0 
7f02fc000000-7f02fc002000 r--s 00009000 08:01 2246975                    /home/student/.m2/repository/org/apache/tomcat/tomcat-juli/8.5.15/tomcat-juli-8.5.15.jar
7f02fc002000-7f02fc003000 r--s 00000000 08:01 3154628                    /home/student/.m2/repository/org/springframework/boot/spring-boot-starter-jdbc/1.5.4.RELEASE/spring-boot-starter-jdbc-1.5.4.RELEASE.jar
7f02fc003000-7f02fc004000 r--s 00000000 08:01 2889597                    /home/student/.m2/repository/org/springframework/boot/spring-boot-starter-aop/1.5.4.RELEASE/spring-boot-starter-aop-1.5.4.RELEASE.jar
7f02fc004000-7f02fc006000 r--s 00004000 08:01 3151915                    /home/student/.m2/repository/org/slf4j/log4j-over-slf4j/1.7.25/log4j-over-slf4j-1.7.25.jar
7f02fc006000-7f02fc008000 r--s 00000000 08:01 3151913                    /home/student/.m2/repository/org/slf4j/jul-to-slf4j/1.7.25/jul-to-slf4j-1.7.25.jar
7f02fc008000-7f02fc013000 r--s 0006a000 08:01 3151911                    /home/student/.m2/repository/ch/qos/logback/logback-core/1.1.11/logback-core-1.1.11.jar
7f02fc013000-7f02fc01a000 r--s 00045000 08:01 3151909                    /home/student/.m2/repository/ch/qos/logback/logback-classic/1.1.11/logback-classic-1.1.11.jar
7f02fc01a000-7f02fc035000 r--s 001d6000 08:01 1449995                    /usr/lib/jvm/java-8-openjdk-amd64/jre/lib/ext/nashorn.jar
7f02fc035000-7f02fc050000 r--s 00394000 08:01 1449990                    /usr/lib/jvm/java-8-openjdk-amd64/jre/lib/ext/cldrdata.jar
7f02fc050000-7f02fc081000 rw-p 00000000 00:00 0 
7f02fc081000-7f02fc084000 ---p 00000000 00:00 0 
7f02fc084000-7f02fc182000 rw-p 00000000 00:00 0 
7f02fc182000-7f02fc183000 ---p 00000000 00:00 0 
7f02fc183000-7f02fc283000 rw-p 00000000 00:00 0 
7f02fc283000-7f02fc451000 r--s 03c06000 08:01 1450019                    /usr/lib/jvm/java-8-openjdk-amd64/jre/lib/rt.jar
7f02fc451000-7f02fccdc000 rw-p 00000000 00:00 0 
7f02fccdc000-7f02fce11000 ---p 00000000 00:00 0 
7f02fce11000-7f02fce1c000 rw-p 00000000 00:00 0 
7f02fce1c000-7f02fceb5000 ---p 00000000 00:00 0 
7f02fceb5000-7f02fcecb000 rw-p 00000000 00:00 0 
7f02fcecb000-7f02fcfff000 ---p 00000000 00:00 0 
7f02fcfff000-7f02fd000000 rw-p 00000000 00:00 0 
7f02fd000000-7f02fdd10000 rwxp 00000000 00:00 0 
7f02fdd20000-7f030c000000 ---p 00000000 00:00 0 
7f030c000000-7f030d2cd000 rw-p 00000000 00:00 0 
7f030d2cd000-7f0310000000 ---p 00000000 00:00 0 
7f0310000000-7f0310001000 r--s 00000000 08:01 2889571                    /home/student/.m2/repository/org/springframework/boot/spring-boot-starter-logging/1.5.4.RELEASE/spring-boot-starter-logging-1.5.4.RELEASE.jar
7f0310001000-7f0310011000 r--s 00095000 08:01 2122857                    /home/student/.m2/repository/org/springframework/boot/spring-boot/1.5.4.RELEASE/spring-boot-1.5.4.RELEASE.jar
7f0310011000-7f0310012000 r--s 00000000 08:01 1844847                    /home/student/.m2/repository/org/springframework/boot/spring-boot-starter/1.5.4.RELEASE/spring-boot-starter-1.5.4.RELEASE.jar
7f0310012000-7f0310013000 r--s 00000000 08:01 1591118                    /home/student/.m2/repository/org/springframework/boot/spring-boot-starter-data-jpa/1.5.4.RELEASE/spring-boot-starter-data-jpa-1.5.4.RELEASE.jar
7f0310013000-7f0310048000 rw-p 00000000 00:00 0 
7f0310048000-7f03103d3000 ---p 00000000 00:00 0 
7f03103d3000-7f03103db000 r-xp 00000000 08:01 1449976                    /usr/lib/jvm/java-8-openjdk-amd64/jre/lib/amd64/libzip.so
7f03103db000-7f03105da000 ---p 00008000 08:01 1449976                    /usr/lib/jvm/java-8-openjdk-amd64/jre/lib/amd64/libzip.so
7f03105da000-7f03105db000 r--p 00007000 08:01 1449976                    /usr/lib/jvm/java-8-openjdk-amd64/jre/lib/amd64/libzip.so
7f03105db000-7f03105dc000 rw-p 00008000 08:01 1449976                    /usr/lib/jvm/java-8-openjdk-amd64/jre/lib/amd64/libzip.so
7f03105dc000-7f03105e7000 r-xp 00000000 08:01 660241                     /lib/x86_64-linux-gnu/libnss_files-2.24.so
7f03105e7000-7f03107e6000 ---p 0000b000 08:01 660241                     /lib/x86_64-linux-gnu/libnss_files-2.24.so
7f03107e6000-7f03107e7000 r--p 0000a000 08:01 660241                     /lib/x86_64-linux-gnu/libnss_files-2.24.so
7f03107e7000-7f03107e8000 rw-p 0000b000 08:01 660241                     /lib/x86_64-linux-gnu/libnss_files-2.24.so
7f03107e8000-7f03107ee000 rw-p 00000000 00:00 0 
7f03107ee000-7f03107f9000 r-xp 00000000 08:01 660251                     /lib/x86_64-linux-gnu/libnss_nis-2.24.so
7f03107f9000-7f03109f8000 ---p 0000b000 08:01 660251                     /lib/x86_64-linux-gnu/libnss_nis-2.24.so
7f03109f8000-7f03109f9000 r--p 0000a000 08:01 660251                     /lib/x86_64-linux-gnu/libnss_nis-2.24.so
7f03109f9000-7f03109fa000 rw-p 0000b000 08:01 660251                     /lib/x86_64-linux-gnu/libnss_nis-2.24.so
7f03109fa000-7f0310a10000 r-xp 00000000 08:01 660235                     /lib/x86_64-linux-gnu/libnsl-2.24.so
7f0310a10000-7f0310c0f000 ---p 00016000 08:01 660235                     /lib/x86_64-linux-gnu/libnsl-2.24.so
7f0310c0f000-7f0310c10000 r--p 00015000 08:01 660235                     /lib/x86_64-linux-gnu/libnsl-2.24.so
7f0310c10000-7f0310c11000 rw-p 00016000 08:01 660235                     /lib/x86_64-linux-gnu/libnsl-2.24.so
7f0310c11000-7f0310c13000 rw-p 00000000 00:00 0 
7f0310c13000-7f0310c1b000 r-xp 00000000 08:01 660237                     /lib/x86_64-linux-gnu/libnss_compat-2.24.so
7f0310c1b000-7f0310e1a000 ---p 00008000 08:01 660237                     /lib/x86_64-linux-gnu/libnss_compat-2.24.so
7f0310e1a000-7f0310e1b000 r--p 00007000 08:01 660237                     /lib/x86_64-linux-gnu/libnss_compat-2.24.so
7f0310e1b000-7f0310e1c000 rw-p 00008000 08:01 660237                     /lib/x86_64-linux-gnu/libnss_compat-2.24.so
7f0310e1c000-7f0310e49000 r-xp 00000000 08:01 1449957                    /usr/lib/jvm/java-8-openjdk-amd64/jre/lib/amd64/libjava.so
7f0310e49000-7f0311048000 ---p 0002d000 08:01 1449957                    /usr/lib/jvm/java-8-openjdk-amd64/jre/lib/amd64/libjava.so
7f0311048000-7f0311049000 r--p 0002c000 08:01 1449957                    /usr/lib/jvm/java-8-openjdk-amd64/jre/lib/amd64/libjava.so
7f0311049000-7f031104b000 rw-p 0002d000 08:01 1449957                    /usr/lib/jvm/java-8-openjdk-amd64/jre/lib/amd64/libjava.so
7f031104b000-7f031105a000 r-xp 00000000 08:01 1449975                    /usr/lib/jvm/java-8-openjdk-amd64/jre/lib/amd64/libverify.so
7f031105a000-7f0311259000 ---p 0000f000 08:01 1449975                    /usr/lib/jvm/java-8-openjdk-amd64/jre/lib/amd64/libverify.so
7f0311259000-7f031125b000 r--p 0000e000 08:01 1449975                    /usr/lib/jvm/java-8-openjdk-amd64/jre/lib/amd64/libverify.so
7f031125b000-7f031125c000 rw-p 00010000 08:01 1449975                    /usr/lib/jvm/java-8-openjdk-amd64/jre/lib/amd64/libverify.so
7f031125c000-7f0311263000 r-xp 00000000 08:01 660293                     /lib/x86_64-linux-gnu/librt-2.24.so
7f0311263000-7f0311462000 ---p 00007000 08:01 660293                     /lib/x86_64-linux-gnu/librt-2.24.so
7f0311462000-7f0311463000 r--p 00006000 08:01 660293                     /lib/x86_64-linux-gnu/librt-2.24.so
7f0311463000-7f0311464000 rw-p 00007000 08:01 660293                     /lib/x86_64-linux-gnu/librt-2.24.so
7f0311464000-7f031147a000 r-xp 00000000 08:01 660190                     /lib/x86_64-linux-gnu/libgcc_s.so.1
7f031147a000-7f0311679000 ---p 00016000 08:01 660190                     /lib/x86_64-linux-gnu/libgcc_s.so.1
7f0311679000-7f031167a000 r--p 00015000 08:01 660190                     /lib/x86_64-linux-gnu/libgcc_s.so.1
7f031167a000-7f031167b000 rw-p 00016000 08:01 660190                     /lib/x86_64-linux-gnu/libgcc_s.so.1
7f031167b000-7f0311783000 r-xp 00000000 08:01 660214                     /lib/x86_64-linux-gnu/libm-2.24.so
7f0311783000-7f0311982000 ---p 00108000 08:01 660214                     /lib/x86_64-linux-gnu/libm-2.24.so
7f0311982000-7f0311983000 r--p 00107000 08:01 660214                     /lib/x86_64-linux-gnu/libm-2.24.so
7f0311983000-7f0311984000 rw-p 00108000 08:01 660214                     /lib/x86_64-linux-gnu/libm-2.24.so
7f0311984000-7f0311afd000 r-xp 00000000 08:01 1317609                    /usr/lib/x86_64-linux-gnu/libstdc++.so.6.0.22
7f0311afd000-7f0311cfc000 ---p 00179000 08:01 1317609                    /usr/lib/x86_64-linux-gnu/libstdc++.so.6.0.22
7f0311cfc000-7f0311d06000 r--p 00178000 08:01 1317609                    /usr/lib/x86_64-linux-gnu/libstdc++.so.6.0.22
7f0311d06000-7f0311d08000 rw-p 00182000 08:01 1317609                    /usr/lib/x86_64-linux-gnu/libstdc++.so.6.0.22
7f0311d08000-7f0311d0c000 rw-p 00000000 00:00 0 
7f0311d0c000-7f0312961000 r-xp 00000000 08:01 1449979                    /usr/lib/jvm/java-8-openjdk-amd64/jre/lib/amd64/server/libjvm.so
7f0312961000-7f0312b61000 ---p 00c55000 08:01 1449979                    /usr/lib/jvm/java-8-openjdk-amd64/jre/lib/amd64/server/libjvm.so
7f0312b61000-7f0312bf4000 r--p 00c55000 08:01 1449979                    /usr/lib/jvm/java-8-openjdk-amd64/jre/lib/amd64/server/libjvm.so
7f0312bf4000-7f0312c1d000 rw-p 00ce8000 08:01 1449979                    /usr/lib/jvm/java-8-openjdk-amd64/jre/lib/amd64/server/libjvm.so
7f0312c1d000-7f0312c4d000 rw-p 00000000 00:00 0 
7f0312c4d000-7f0312c65000 r-xp 00000000 08:01 660287                     /lib/x86_64-linux-gnu/libpthread-2.24.so
7f0312c65000-7f0312e65000 ---p 00018000 08:01 660287                     /lib/x86_64-linux-gnu/libpthread-2.24.so
7f0312e65000-7f0312e66000 r--p 00018000 08:01 660287                     /lib/x86_64-linux-gnu/libpthread-2.24.so
7f0312e66000-7f0312e67000 rw-p 00019000 08:01 660287                     /lib/x86_64-linux-gnu/libpthread-2.24.so
7f0312e67000-7f0312e6b000 rw-p 00000000 00:00 0 
7f0312e6b000-7f0312e6e000 r-xp 00000000 08:01 660176                     /lib/x86_64-linux-gnu/libdl-2.24.so
7f0312e6e000-7f031306d000 ---p 00003000 08:01 660176                     /lib/x86_64-linux-gnu/libdl-2.24.so
7f031306d000-7f031306e000 r--p 00002000 08:01 660176                     /lib/x86_64-linux-gnu/libdl-2.24.so
7f031306e000-7f031306f000 rw-p 00003000 08:01 660176                     /lib/x86_64-linux-gnu/libdl-2.24.so
7f031306f000-7f031308a000 r-xp 00000000 08:01 660327                     /lib/x86_64-linux-gnu/libz.so.1.2.11
7f031308a000-7f0313289000 ---p 0001b000 08:01 660327                     /lib/x86_64-linux-gnu/libz.so.1.2.11
7f0313289000-7f031328a000 r--p 0001a000 08:01 660327                     /lib/x86_64-linux-gnu/libz.so.1.2.11
7f031328a000-7f031328b000 rw-p 0001b000 08:01 660327                     /lib/x86_64-linux-gnu/libz.so.1.2.11
7f031328b000-7f0313448000 r-xp 00000000 08:01 660158                     /lib/x86_64-linux-gnu/libc-2.24.so
7f0313448000-7f0313648000 ---p 001bd000 08:01 660158                     /lib/x86_64-linux-gnu/libc-2.24.so
7f0313648000-7f031364c000 r--p 001bd000 08:01 660158                     /lib/x86_64-linux-gnu/libc-2.24.so
7f031364c000-7f031364e000 rw-p 001c1000 08:01 660158                     /lib/x86_64-linux-gnu/libc-2.24.so
7f031364e000-7f0313652000 rw-p 00000000 00:00 0 
7f0313652000-7f031365f000 r-xp 00000000 08:01 1449943                    /usr/lib/jvm/java-8-openjdk-amd64/jre/lib/amd64/jli/libjli.so
7f031365f000-7f031385f000 ---p 0000d000 08:01 1449943                    /usr/lib/jvm/java-8-openjdk-amd64/jre/lib/amd64/jli/libjli.so
7f031385f000-7f0313860000 r--p 0000d000 08:01 1449943                    /usr/lib/jvm/java-8-openjdk-amd64/jre/lib/amd64/jli/libjli.so
7f0313860000-7f0313861000 rw-p 0000e000 08:01 1449943                    /usr/lib/jvm/java-8-openjdk-amd64/jre/lib/amd64/jli/libjli.so
7f0313861000-7f0313886000 r-xp 00000000 08:01 660132                     /lib/x86_64-linux-gnu/ld-2.24.so
7f0313886000-7f031388b000 r--s 0003b000 08:01 1449997                    /usr/lib/jvm/java-8-openjdk-amd64/jre/lib/ext/sunjce_provider.jar
7f031388b000-7f0313895000 r--s 00116000 08:01 1449994                    /usr/lib/jvm/java-8-openjdk-amd64/jre/lib/ext/localedata.jar
7f0313895000-7f0313899000 r--s 00037000 08:01 1449998                    /usr/lib/jvm/java-8-openjdk-amd64/jre/lib/ext/sunpkcs11.jar
7f0313899000-7f0313969000 rw-p 00000000 00:00 0 
7f0313969000-7f031396c000 ---p 00000000 00:00 0 
7f031396c000-7f0313a6e000 rw-p 00000000 00:00 0 
7f0313a6e000-7f0313a71000 r--s 0000f000 08:01 1449992                    /usr/lib/jvm/java-8-openjdk-amd64/jre/lib/ext/icedtea-sound.jar
7f0313a71000-7f0313a73000 r--s 00007000 08:01 1588912                    /usr/share/java/java-atk-wrapper.jar
7f0313a73000-7f0313a75000 r--s 00001000 08:01 1449991                    /usr/lib/jvm/java-8-openjdk-amd64/jre/lib/ext/dnsns.jar
7f0313a75000-7f0313a76000 r--s 00010000 08:01 1449999                    /usr/lib/jvm/java-8-openjdk-amd64/jre/lib/ext/zipfs.jar
7f0313a76000-7f0313a77000 r--s 0000a000 08:01 1449993                    /usr/lib/jvm/java-8-openjdk-amd64/jre/lib/ext/jaccess.jar
7f0313a77000-7f0313a79000 r--s 00008000 08:01 1449996                    /usr/lib/jvm/java-8-openjdk-amd64/jre/lib/ext/sunec.jar
7f0313a79000-7f0313a81000 rw-s 00000000 08:01 1193082                    /tmp/hsperfdata_student/4890
7f0313a81000-7f0313a82000 rw-p 00000000 00:00 0 
7f0313a82000-7f0313a83000 r--p 00000000 00:00 0 
7f0313a83000-7f0313a86000 rw-p 00000000 00:00 0 
7f0313a86000-7f0313a87000 r--p 00025000 08:01 660132                     /lib/x86_64-linux-gnu/ld-2.24.so
7f0313a87000-7f0313a88000 rw-p 00026000 08:01 660132                     /lib/x86_64-linux-gnu/ld-2.24.so
7f0313a88000-7f0313a89000 rw-p 00000000 00:00 0 
7ffc4f06f000-7ffc4f091000 rw-p 00000000 00:00 0                          [stack]
7ffc4f0a3000-7ffc4f0a5000 r--p 00000000 00:00 0                          [vvar]
7ffc4f0a5000-7ffc4f0a7000 r-xp 00000000 00:00 0                          [vdso]
ffffffffff600000-ffffffffff601000 r-xp 00000000 00:00 0                  [vsyscall]

VM Arguments:
jvm_args: -Dcom.sun.management.jmxremote -Dcom.sun.management.jmxremote.port=34969 -Dcom.sun.management.jmxremote.authenticate=false -Dcom.sun.management.jmxremote.ssl=false -Djava.rmi.server.hostname=localhost -Dspring.liveBeansView.mbeanDomain -Dspring.application.admin.enabled=true -Djava.security.egd=file:/dev/./urandom -Dfile.encoding=UTF-8 
java_command: davelistpac.DaveListApplication --spring.output.ansi.enabled=always
java_class_path (initial): /home/student/JavaWebProjects/DaveListProj/target/classes:/home/student/.m2/repository/org/springframework/boot/spring-boot-starter-data-jpa/1.5.4.RELEASE/spring-boot-starter-data-jpa-1.5.4.RELEASE.jar:/home/student/.m2/repository/org/springframework/boot/spring-boot-starter/1.5.4.RELEASE/spring-boot-starter-1.5.4.RELEASE.jar:/home/student/.m2/repository/org/springframework/boot/spring-boot/1.5.4.RELEASE/spring-boot-1.5.4.RELEASE.jar:/home/student/.m2/repository/org/springframework/boot/spring-boot-autoconfigure/1.5.4.RELEASE/spring-boot-autoconfigure-1.5.4.RELEASE.jar:/home/student/.m2/repository/org/springframework/boot/spring-boot-starter-logging/1.5.4.RELEASE/spring-boot-starter-logging-1.5.4.RELEASE.jar:/home/student/.m2/repository/ch/qos/logback/logback-classic/1.1.11/logback-classic-1.1.11.jar:/home/student/.m2/repository/ch/qos/logback/logback-core/1.1.11/logback-core-1.1.11.jar:/home/student/.m2/repository/org/slf4j/jul-to-slf4j/1.7.25/jul-to-slf4j-1.7.25.jar:/home/student/.m2/repository/org/slf4j/log4j-over-slf4j/1.7.25/log4j-over-slf4j-1.7.25.jar:/home/student/.m2/repository/org/yaml/snakeyaml/1.17/snakeyaml-1.17.jar:/home/student/.m2/repository/org/springframework/boot/spring-boot-starter-aop/1.5.4.RELEASE/spring-boot-starter-aop-1.5.4.RELEASE.jar:/home/student/.m2/repository/org/springframework/spring-aop/4.3.9.RELEASE/spring-aop-4.3.9.RELEASE.jar:/home/student/.m2/repository/org/aspectj/aspectjweaver/1.8.10/aspectjweaver-1.8.10.jar:/home/student/.m2/repository/org/springframework/boot/spring-boot-starter-jdbc/1.5.4.RELEASE/spring-boot-starter-jdbc-1.5.4.RELEASE.jar:/home/student/.m2/repository/org/apache/tomcat/tomcat-jdbc/8.5.15/tomcat-jdbc-8.5.15.jar:/home/student/.m2/repository/org/apache/tomcat/tomcat-juli/8.5.15/tomcat-juli-8.5.15.jar:/home/student/.m2/repository/org/springframework/spring-jdbc/4.3.9.RELEASE/spring-jdbc-4.3.9.RELEASE.jar:/home/student/.m2/repository/org/hibernate/hibernate-core/5.0.12.Final/hibernate-c
Launcher Type: SUN_STANDARD

Environment Variables:
PATH=/sbin:/bin:/usr/bin:/usr/local/bin
SHELL=/bin/bash
DISPLAY=:10.0

Signal Handlers:
SIGSEGV: [libjvm.so+0xa6c7e0], sa_mask[0]=11111111011111111101111111111110, sa_flags=SA_RESTART|SA_SIGINFO
SIGBUS: [libjvm.so+0xa6c7e0], sa_mask[0]=11111111011111111101111111111110, sa_flags=SA_RESTART|SA_SIGINFO
SIGFPE: [libjvm.so+0x8b64a0], sa_mask[0]=11111111011111111101111111111110, sa_flags=SA_RESTART|SA_SIGINFO
SIGPIPE: [libjvm.so+0x8b64a0], sa_mask[0]=11111111011111111101111111111110, sa_flags=SA_RESTART|SA_SIGINFO
SIGXFSZ: [libjvm.so+0x8b64a0], sa_mask[0]=11111111011111111101111111111110, sa_flags=SA_RESTART|SA_SIGINFO
SIGILL: [libjvm.so+0x8b64a0], sa_mask[0]=11111111011111111101111111111110, sa_flags=SA_RESTART|SA_SIGINFO
SIGUSR1: SIG_DFL, sa_mask[0]=00000000000000000000000000000000, sa_flags=none
SIGUSR2: [libjvm.so+0x8b6350], sa_mask[0]=00100000000000000000000000000000, sa_flags=SA_RESTART|SA_SIGINFO
SIGHUP: [libjvm.so+0x8b6800], sa_mask[0]=11111111011111111101111111111110, sa_flags=SA_RESTART|SA_SIGINFO
SIGINT: [libjvm.so+0x8b6800], sa_mask[0]=11111111011111111101111111111110, sa_flags=SA_RESTART|SA_SIGINFO
SIGTERM: [libjvm.so+0x8b6800], sa_mask[0]=11111111011111111101111111111110, sa_flags=SA_RESTART|SA_SIGINFO
SIGQUIT: [libjvm.so+0x8b6800], sa_mask[0]=11111111011111111101111111111110, sa_flags=SA_RESTART|SA_SIGINFO


---------------  S Y S T E M  ---------------

OS:DISTRIB_ID=Ubuntu
DISTRIB_RELEASE=17.04
DISTRIB_CODENAME=zesty
DISTRIB_DESCRIPTION="Ubuntu 17.04"

uname:Linux 4.10.0-20-generic #22-Ubuntu SMP Thu Apr 20 09:22:42 UTC 2017 x86_64
libc:glibc 2.24 NPTL 2.24 
rlimit: STACK 8192k, CORE 0k, NPROC 15621, NOFILE 4096, AS infinity
load average:14.34 5.17 2.41

/proc/meminfo:
MemTotal:        4044912 kB
MemFree:           86796 kB
MemAvailable:          0 kB
Buffers:             244 kB
Cached:           109444 kB
SwapCached:          548 kB
Active:          3150252 kB
Inactive:         632524 kB
Active(anon):    3147572 kB
Inactive(anon):   629524 kB
Active(file):       2680 kB
Inactive(file):     3000 kB
Unevictable:           8 kB
Mlocked:               8 kB
SwapTotal:       2097148 kB
SwapFree:              0 kB
Dirty:                68 kB
Writeback:           108 kB
AnonPages:       3672648 kB
Mapped:            24400 kB
Shmem:            104020 kB
Slab:              61632 kB
SReclaimable:      24928 kB
SUnreclaim:        36704 kB
KernelStack:       12160 kB
PageTables:        56820 kB
NFS_Unstable:          0 kB
Bounce:                0 kB
WritebackTmp:          0 kB
CommitLimit:     4119604 kB
Committed_AS:    9305332 kB
VmallocTotal:   34359738367 kB
VmallocUsed:           0 kB
VmallocChunk:          0 kB
HardwareCorrupted:     0 kB
AnonHugePages:   1755136 kB
ShmemHugePages:        0 kB
ShmemPmdMapped:        0 kB
CmaTotal:              0 kB
CmaFree:               0 kB
HugePages_Total:       0
HugePages_Free:        0
HugePages_Rsvd:        0
HugePages_Surp:        0
Hugepagesize:       2048 kB
DirectMap4k:      141248 kB
DirectMap2M:     4052992 kB


CPU:total 1 (1 cores per cpu, 1 threads per core) family 6 model 45 stepping 2, cmov, cx8, fxsr, mmx, sse, sse2, sse3, ssse3, sse4.1, sse4.2, popcnt, avx, aes, clmul, tsc, tscinvbit, tscinv

/proc/cpuinfo:
processor	: 0
vendor_id	: GenuineIntel
cpu family	: 6
model		: 45
model name	: Intel(R) Xeon(R) CPU E5-2650 v2 @ 2.60GHz
stepping	: 2
microcode	: 0x428
cpu MHz		: 2600.000
cache size	: 20480 KB
physical id	: 0
siblings	: 1
core id		: 0
cpu cores	: 1
apicid		: 0
initial apicid	: 0
fpu		: yes
fpu_exception	: yes
cpuid level	: 13
wp		: yes
flags		: fpu vme de pse tsc msr pae mce cx8 apic sep mtrr pge mca cmov pat pse36 clflush dts mmx fxsr sse sse2 ss syscall nx rdtscp lm constant_tsc arch_perfmon pebs bts nopl xtopology tsc_reliable nonstop_tsc aperfmperf pni pclmulqdq ssse3 cx16 pcid sse4_1 sse4_2 x2apic popcnt tsc_deadline_timer aes xsave avx hypervisor lahf_lm tsc_adjust dtherm ida arat pln pts
bugs		:
bogomips	: 5200.00
clflush size	: 64
cache_alignment	: 64
address sizes	: 42 bits physical, 48 bits virtual
power management:



Memory: 4k page, physical 4044912k(86904k free), swap 2097148k(0k free)

vm_info: OpenJDK 64-Bit Server VM (25.121-b13) for linux-amd64 JRE (1.8.0_121-8u121-b13-4-b13), built on Mar  3 2017 17:46:54 by "buildd" with gcc 6.3.0 20170221

time: Wed Jun 28 11:36:29 2017
elapsed time: 35 seconds (0d 0h 0m 35s)

